0 info it worked if it ends with ok
1 verbose cli [ '/usr/local/bin/node', '/usr/local/bin/npm', 'start' ]
2 info using npm@3.10.10
3 info using node@v6.10.3
4 verbose run-script [ 'prestart', 'start', 'poststart' ]
5 info lifecycle scotch-react-router@1.0.0~prestart: scotch-react-router@1.0.0
6 silly lifecycle scotch-react-router@1.0.0~prestart: no script for prestart, continuing
7 info lifecycle scotch-react-router@1.0.0~start: scotch-react-router@1.0.0
8 verbose lifecycle scotch-react-router@1.0.0~start: unsafe-perm in lifecycle true
9 verbose lifecycle scotch-react-router@1.0.0~start: PATH: /usr/local/lib/node_modules/npm/bin/node-gyp-bin:/home/ukistu08/Desktop/react-routing-master (2)/node_modules/.bin:/home/ukistu08/bin:/home/ukistu08/.local/bin:/usr/local/sbin:/usr/local/bin:/usr/sbin:/usr/bin:/sbin:/bin:/usr/games:/usr/local/games:/snap/bin
10 verbose lifecycle scotch-react-router@1.0.0~start: CWD: /home/ukistu08/Desktop/react-routing-master (2)
11 silly lifecycle scotch-react-router@1.0.0~start: Args: [ '-c', 'nodemon' ]
12 silly lifecycle scotch-react-router@1.0.0~start: Returned: code: 1  signal: null
13 info lifecycle scotch-react-router@1.0.0~start: Failed to exec start script
14 verbose stack Error: scotch-react-router@1.0.0 start: `nodemon`
14 verbose stack Exit status 1
14 verbose stack     at EventEmitter.<anonymous> (/usr/local/lib/node_modules/npm/lib/utils/lifecycle.js:255:16)
14 verbose stack     at emitTwo (events.js:106:13)
14 verbose stack     at EventEmitter.emit (events.js:191:7)
14 verbose stack     at ChildProcess.<anonymous> (/usr/local/lib/node_modules/npm/lib/utils/spawn.js:40:14)
14 verbose stack     at emitTwo (events.js:106:13)
14 verbose stack     at ChildProcess.emit (events.js:191:7)
14 verbose stack     at maybeClose (internal/child_process.js:886:16)
14 verbose stack     at Process.ChildProcess._handle.onexit (internal/child_process.js:226:5)
15 verbose pkgid scotch-react-router@1.0.0
16 verbose cwd /home/ukistu08/Desktop/react-routing-master (2)
17 error Linux 4.10.0-42-generic
18 error argv "/usr/local/bin/node" "/usr/local/bin/npm" "start"
19 error node v6.10.3
20 error npm  v3.10.10
21 error code ELIFECYCLE
22 error scotch-react-router@1.0.0 start: `nodemon`
22 error Exit status 1
23 error Failed at the scotch-react-router@1.0.0 start script 'nodemon'.
23 error Make sure you have the latest version of node.js and npm installed.
23 error If you do, this is most likely a problem with the scotch-react-router package,
23 error not with npm itself.
23 error Tell the author that this fails on your system:
23 error     nodemon
23 error You can get information on how to open an issue for this project with:
23 error     npm bugs scotch-react-router
23 error Or if that isn't available, you can get their info via:
23 error     npm owner ls scotch-react-router
23 error There is likely additional logging output above.
24 verbose exit [ 1, true ]
